setting 'ivy.default.settings.dir' to 'jar:file:/Volumes/Data%20Disk/christopher/Desktop/wiringUI_and_autocomplete/sbt-launcher.jar!/org/apache/ivy/core/settings'
setting 'ivy.basedir' to '/Volumes/Data Disk/christopher/Desktop/wiringUI_and_autocomplete/.'
setting 'ivy.default.conf.dir' to 'jar:file:/Volumes/Data%20Disk/christopher/Desktop/wiringUI_and_autocomplete/sbt-launcher.jar!/org/apache/ivy/core/settings'
impossible to define new type: class not found: org.apache.ivy.plugins.version.PatternVersionMatcher in [] nor Ivy classloader
impossible to define new type: class not found: org.apache.ivy.plugins.trigger.LogTrigger in [] nor Ivy classloader
impossible to define new type: class not found: org.apache.ivy.plugins.resolver.VsftpResolver in [] nor Ivy classloader
impossible to define new type: class not found: org.apache.ivy.plugins.conflict.RegexpConflictManager in [] nor Ivy classloader
impossible to define new type: class not found: org.apache.ivy.plugins.resolver.SshResolver in [] nor Ivy classloader
impossible to define new type: class not found: org.apache.ivy.plugins.resolver.VfsResolver in [] nor Ivy classloader
impossible to define new type: class not found: org.apache.ivy.plugins.resolver.SFTPResolver in [] nor Ivy classloader
impossible to define new type: class not found: org.apache.ivy.plugins.resolver.packager.PackagerResolver in [] nor Ivy classloader
impossible to define new type: class not found: org.apache.ivy.ant.AntCallTrigger in [] nor Ivy classloader
impossible to define new type: class not found: org.apache.ivy.plugins.resolver.IvyRepResolver in [] nor Ivy classloader
impossible to define new type: class not found: org.apache.ivy.ant.AntBuildTrigger in [] nor Ivy classloader
impossible to define glob matcher: org.apache.ivy.plugins.matcher.GlobPatternMatcher was not found.
setting 'java.runtime.name' to 'Java(TM) SE Runtime Environment'
setting 'sun.boot.library.path' to '/System/Library/Java/JavaVirtualMachines/1.6.0.jdk/Contents/Libraries'
setting 'java.vm.version' to '20.4-b02-402'
setting 'awt.nativeDoubleBuffering' to 'true'
setting 'gopherProxySet' to 'false'
setting 'mrj.build' to '11D50b'
setting 'java.vm.vendor' to 'Apple Inc.'
setting 'java.vendor.url' to 'http://www.apple.com/'
setting 'path.separator' to ':'
setting 'java.vm.name' to 'Java HotSpot(TM) 64-Bit Server VM'
setting 'file.encoding.pkg' to 'sun.io'
setting 'sun.java.launcher' to 'SUN_STANDARD'
setting 'user.country' to 'FR'
setting 'sun.os.patch.level' to 'unknown'
setting 'java.vm.specification.name' to 'Java Virtual Machine Specification'
setting 'user.dir' to '/Volumes/Data Disk/christopher/Desktop/wiringUI_and_autocomplete'
setting 'java.runtime.version' to '1.6.0_29-b11-402-11D50b'
setting 'java.awt.graphicsenv' to 'apple.awt.CGraphicsEnvironment'
setting 'java.endorsed.dirs' to '/System/Library/Java/JavaVirtualMachines/1.6.0.jdk/Contents/Home/lib/endorsed'
setting 'os.arch' to 'x86_64'
setting 'java.io.tmpdir' to '/var/folders/82/xx04fmb56533wp_s71rjc_000000gn/T/'
setting 'line.separator' to '
'
setting 'java.vm.specification.vendor' to 'Sun Microsystems Inc.'
setting 'os.name' to 'Mac OS X'
setting 'sun.jnu.encoding' to 'MacRoman'
setting 'java.library.path' to '.:/Library/Java/Extensions:/System/Library/Java/Extensions:/usr/lib/java'
setting 'java.specification.name' to 'Java Platform API Specification'
setting 'java.class.version' to '50.0'
setting 'sun.management.compiler' to 'HotSpot 64-Bit Tiered Compilers'
setting 'os.version' to '10.7.3'
setting 'http.nonProxyHosts' to 'local|*.local|169.254/16|*.169.254/16'
setting 'user.home' to '/Volumes/Data Disk/christopher'
setting 'user.timezone' to 'Europe/Zurich'
setting 'java.awt.printerjob' to 'apple.awt.CPrinterJob'
setting 'file.encoding' to 'MacRoman'
setting 'java.specification.version' to '1.6'
setting 'java.class.path' to './sbt-launcher.jar'
setting 'user.name' to 'christopher'
setting 'java.vm.specification.version' to '1.0'
setting 'sun.java.command' to './sbt-launcher.jar update ~jetty-run'
setting 'java.home' to '/System/Library/Java/JavaVirtualMachines/1.6.0.jdk/Contents/Home'
setting 'sun.arch.data.model' to '64'
setting 'user.language' to 'fr'
setting 'java.specification.vendor' to 'Sun Microsystems Inc.'
setting 'awt.toolkit' to 'apple.awt.CToolkit'
setting 'java.vm.info' to 'mixed mode'
setting 'java.version' to '1.6.0_29'
setting 'java.ext.dirs' to '/Library/Java/Extensions:/System/Library/Java/Extensions:/System/Library/Java/JavaVirtualMachines/1.6.0.jdk/Contents/Home/lib/ext'
setting 'sun.boot.class.path' to '/System/Library/Java/JavaVirtualMachines/1.6.0.jdk/Contents/Classes/jsfd.jar:/System/Library/Java/JavaVirtualMachines/1.6.0.jdk/Contents/Classes/classes.jar:/System/Library/Frameworks/JavaVM.framework/Frameworks/JavaRuntimeSupport.framework/Resources/Java/JavaRuntimeSupport.jar:/System/Library/Java/JavaVirtualMachines/1.6.0.jdk/Contents/Classes/ui.jar:/System/Library/Java/JavaVirtualMachines/1.6.0.jdk/Contents/Classes/laf.jar:/System/Library/Java/JavaVirtualMachines/1.6.0.jdk/Contents/Classes/sunrsasign.jar:/System/Library/Java/JavaVirtualMachines/1.6.0.jdk/Contents/Classes/jsse.jar:/System/Library/Java/JavaVirtualMachines/1.6.0.jdk/Contents/Classes/jce.jar:/System/Library/Java/JavaVirtualMachines/1.6.0.jdk/Contents/Classes/charsets.jar'
setting 'java.vendor' to 'Apple Inc.'
setting 'file.separator' to '/'
setting 'java.vendor.url.bug' to 'http://bugreport.apple.com/'
setting 'sun.io.unicode.encoding' to 'UnicodeLittle'
setting 'sun.cpu.endian' to 'little'
setting 'mrj.version' to '1070.1.6.0_29-402'
setting 'socksNonProxyHosts' to 'local|*.local|169.254/16|*.169.254/16'
setting 'ftp.nonProxyHosts' to 'local|*.local|169.254/16|*.169.254/16'
setting 'sun.cpu.isalist' to ''
setting 'ivy.default.ivy.user.dir' to '/Volumes/Data Disk/christopher/.ivy2'
setting 'ivy.home' to '/Volumes/Data Disk/christopher/.ivy2'
no default ivy user dir defined: set to /Volumes/Data Disk/christopher/.ivy2
setting 'ivy.cache.dir' to '/Volumes/Data Disk/christopher/.ivy2/cache'
no default cache defined: set to /Volumes/Data Disk/christopher/.ivy2/cache
setting 'ivy.basedir' to '/Volumes/Data Disk/christopher/Desktop/wiringUI_and_autocomplete/project/boot'
setting 'basedir' to '/Volumes/Data Disk/christopher/Desktop/wiringUI_and_autocomplete/project/boot'
setting 'scala' to '2.9.0-1'
:: resolving dependencies :: org.scala-tools.sbt#boot-scala;1.0
	confs: [default]
	validate = true
	refresh = false
resolving dependencies for configuration 'default'
== resolving dependencies for org.scala-tools.sbt#boot-scala;1.0 [default]
loadData of org.scala-tools.sbt#boot-scala;1.0 of rootConf=default
== resolving dependencies org.scala-tools.sbt#boot-scala;1.0->org.scala-lang#scala-compiler;2.9.0-1 [default->default]
loadData of org.scala-lang#scala-compiler;2.9.0-1 of rootConf=default
	using redefined-public to resolve org.scala-lang#scala-compiler;2.9.0-1
redefined-public: Checking cache for: dependency: org.scala-lang#scala-compiler;2.9.0-1 {default=[default]}
redefined-public: no namespace defined: using system
No entry is found in the ModuleDescriptorCache : /Volumes/Data Disk/christopher/.ivy2/cache/org.scala-lang/scala-compiler/ivy-2.9.0-1.xml
pre 1.3 ivy file: using exactOrRegexp as default matcher
	found ivy file in cache for org.scala-lang#scala-compiler;2.9.0-1 (resolved by Maven Central): /Volumes/Data Disk/christopher/.ivy2/cache/org.scala-lang/scala-compiler/ivy-2.9.0-1.xml
redefined-public: module revision found in cache: org.scala-lang#scala-compiler;2.9.0-1
redefined-public: no latest strategy defined: using default
	found org.scala-lang#scala-compiler;2.9.0-1 in Maven Central
== resolving dependencies org.scala-tools.sbt#boot-scala;1.0->org.scala-lang#scala-compiler;2.9.0-1 [default->runtime]
loadData of org.scala-lang#scala-compiler;2.9.0-1 of rootConf=default
== resolving dependencies org.scala-tools.sbt#boot-scala;1.0->org.scala-lang#scala-compiler;2.9.0-1 [default->compile]
loadData of org.scala-lang#scala-compiler;2.9.0-1 of rootConf=default
== resolving dependencies org.scala-lang#scala-compiler;2.9.0-1->org.scala-lang#scala-library;2.9.0-1 [compile->master(*)]
loadData of org.scala-lang#scala-library;2.9.0-1 of rootConf=default
	using redefined-public to resolve org.scala-lang#scala-library;2.9.0-1
redefined-public: Checking cache for: dependency: org.scala-lang#scala-library;2.9.0-1 {compile=[compile(*), master(*)], runtime=[runtime(*)]}
No entry is found in the ModuleDescriptorCache : /Volumes/Data Disk/christopher/.ivy2/cache/org.scala-lang/scala-library/ivy-2.9.0-1.xml
pre 1.3 ivy file: using exactOrRegexp as default matcher
	found ivy file in cache for org.scala-lang#scala-library;2.9.0-1 (resolved by Maven Central): /Volumes/Data Disk/christopher/.ivy2/cache/org.scala-lang/scala-library/ivy-2.9.0-1.xml
redefined-public: module revision found in cache: org.scala-lang#scala-library;2.9.0-1
	found org.scala-lang#scala-library;2.9.0-1 in Maven Central
== resolving dependencies org.scala-lang#scala-compiler;2.9.0-1->org.scala-lang#scala-library;2.9.0-1 [compile->compile(*)]
loadData of org.scala-lang#scala-library;2.9.0-1 of rootConf=default
== resolving dependencies org.scala-lang#scala-compiler;2.9.0-1->org.scala-lang#scala-library;2.9.0-1 [compile->default]
loadData of org.scala-lang#scala-library;2.9.0-1 of rootConf=default
== resolving dependencies org.scala-lang#scala-compiler;2.9.0-1->org.scala-lang#scala-library;2.9.0-1 [compile->runtime]
loadData of org.scala-lang#scala-library;2.9.0-1 of rootConf=default
== resolving dependencies org.scala-lang#scala-compiler;2.9.0-1->org.scala-lang#scala-library;2.9.0-1 [compile->compile]
loadData of org.scala-lang#scala-library;2.9.0-1 of rootConf=default
== resolving dependencies org.scala-lang#scala-compiler;2.9.0-1->org.scala-lang#scala-library;2.9.0-1 [compile->master]
loadData of org.scala-lang#scala-library;2.9.0-1 of rootConf=default
== resolving dependencies org.scala-lang#scala-compiler;2.9.0-1->org.scala-lang#scala-library;2.9.0-1 [runtime->runtime(*)]
loadData of org.scala-lang#scala-library;2.9.0-1 of rootConf=default
== resolving dependencies org.scala-lang#scala-compiler;2.9.0-1->org.scala-lang#scala-library;2.9.0-1 [runtime->compile]
loadData of org.scala-lang#scala-library;2.9.0-1 of rootConf=default
default is loaded and no conf to load.  Skip loading
== resolving dependencies org.scala-tools.sbt#boot-scala;1.0->org.scala-lang#scala-compiler;2.9.0-1 [default->master]
loadData of org.scala-lang#scala-compiler;2.9.0-1 of rootConf=default
== resolving dependencies org.scala-tools.sbt#boot-scala;1.0->org.scala-lang#scala-library;2.9.0-1 [default->default]
loadData of org.scala-lang#scala-library;2.9.0-1 of rootConf=default
default is loaded and no conf to load.  Skip loading
== resolving dependencies org.scala-tools.sbt#boot-scala;1.0->org.scala-lang#scala-library;2.9.0-1 [default->runtime]
loadData of org.scala-lang#scala-library;2.9.0-1 of rootConf=default
default is loaded and no conf to load.  Skip loading
== resolving dependencies org.scala-tools.sbt#boot-scala;1.0->org.scala-lang#scala-library;2.9.0-1 [default->compile]
loadData of org.scala-lang#scala-library;2.9.0-1 of rootConf=default
default is loaded and no conf to load.  Skip loading
== resolving dependencies org.scala-tools.sbt#boot-scala;1.0->org.scala-lang#scala-library;2.9.0-1 [default->master]
loadData of org.scala-lang#scala-library;2.9.0-1 of rootConf=default
default is loaded and no conf to load.  Skip loading
Nbr of module to sort : 2
Sort dependencies of : org.scala-lang#scala-compiler;2.9.0-1 / Number of dependencies = 2
Sort dependencies of : org.scala-lang#scala-library;2.9.0-1 / Number of dependencies = 0
Sort done for : org.scala-lang#scala-library;2.9.0-1
Sort done for : org.scala-lang#scala-compiler;2.9.0-1
Module descriptor is processed : org.scala-lang#scala-library;2.9.0-1
	resolved ivy file produced in /Volumes/Data Disk/christopher/.ivy2/cache/resolved-org.scala-tools.sbt-boot-scala-1.0.xml
:: downloading artifacts ::
	[NOT REQUIRED] org.scala-lang#scala-compiler;2.9.0-1!scala-compiler.jar
	[NOT REQUIRED] org.scala-lang#scala-library;2.9.0-1!scala-library.jar
:: resolution report :: resolve 314ms :: artifacts dl 4ms
Nbr of module to sort : 2
Sort dependencies of : org.scala-lang#scala-compiler;2.9.0-1 / Number of dependencies = 2
Sort dependencies of : org.scala-lang#scala-library;2.9.0-1 / Number of dependencies = 0
Sort done for : org.scala-lang#scala-library;2.9.0-1
Sort done for : org.scala-lang#scala-compiler;2.9.0-1
Module descriptor is processed : org.scala-lang#scala-library;2.9.0-1
	report for org.scala-tools.sbt#boot-scala;1.0 default produced in /Volumes/Data Disk/christopher/.ivy2/cache/org.scala-tools.sbt-boot-scala-default.xml
	resolve done (314ms resolve - 4ms download)
:: retrieving :: org.scala-tools.sbt#boot-scala
	checkUpToDate=true
no explicit confs given for retrieve, using ivy file: /Volumes/Data Disk/christopher/.ivy2/cache/resolved-org.scala-tools.sbt-boot-scala-1.0.xml
using ivy parser to parse /Volumes/Data Disk/christopher/.ivy2/cache/resolved-org.scala-tools.sbt-boot-scala-1.0.xml
pre 1.3 ivy file: using exactOrRegexp as default matcher
	confs: [default]
	retrieving /Volumes/Data Disk/christopher/.ivy2/cache/org.scala-lang/scala-library/jars/scala-library-2.9.0-1.jar
		to /Volumes/Data Disk/christopher/Desktop/wiringUI_and_autocomplete/project/boot/scala-2.9.0-1/lib/scala-library.jar
	retrieving /Volumes/Data Disk/christopher/.ivy2/cache/org.scala-lang/scala-compiler/jars/scala-compiler-2.9.0-1.jar
		to /Volumes/Data Disk/christopher/Desktop/wiringUI_and_autocomplete/project/boot/scala-2.9.0-1/lib/scala-compiler.jar
	2 artifacts copied, 0 already retrieved (20188kB/1216ms)
	retrieve done (1216ms)
